<?xml version="1.0" encoding="UTF-8"?>
<!-- Generated by org.testng.reporters.JUnitXMLReporter -->
<testsuite hostname="DESKTOP-8SLUMJ0" ignored="0" name="Free CRM Application test" tests="11" failures="2" timestamp="30 Nov 2020 21:49:57 GMT" time="242.31" errors="0">
  <testcase name="loginPageTitleTest" time="0.045" classname="com.crm.qa.testcases.LoginPageTest">
    <failure type="java.lang.AssertionError" message="expected [true] but found [#1 Free CRM customer relationship management software cloud]">
      <![CDATA[java.lang.AssertionError: expected [true] but found [#1 Free CRM customer relationship management software cloud]
at com.crm.qa.testcases.LoginPageTest.loginPageTitleTest(LoginPageTest.java:33)
... Removed 30 stack frames]]>
    </failure>
  </testcase> <!-- loginPageTitleTest -->
  <testcase name="verifyContactsPageLabel" time="0.077" classname="com.crm.qa.testcases.ContactsPageTest">
    <failure type="java.lang.AssertionError" message="Contacts page missing on the page expected [true] but found [false]">
      <![CDATA[java.lang.AssertionError: Contacts page missing on the page expected [true] but found [false]
at com.crm.qa.testcases.ContactsPageTest.verifyContactsPageLabel(ContactsPageTest.java:40)
... Removed 28 stack frames]]>
    </failure>
  </testcase> <!-- verifyContactsPageLabel -->
  <testcase name="verifyHomePageTitleTest" time="0.054" classname="com.crm.qa.testcases.HomePageTest"/>
  <testcase name="crmLogoImageTest" time="0.065" classname="com.crm.qa.testcases.LoginPageTest"/>
  <testcase name="selectContactTest" time="0.002" classname="com.crm.qa.testcases.ContactsPageTest"/>
  <testcase name="verifyUserNameTest" time="1.624" classname="com.crm.qa.testcases.HomePageTest"/>
  <testcase name="LoginTest" time="4.393" classname="com.crm.qa.testcases.LoginPageTest"/>
  <testcase name="ValidatecreateNewContact" time="4.17" classname="com.crm.qa.testcases.ContactsPageTest"/>
  <testcase name="ValidatecreateNewContact" time="3.656" classname="com.crm.qa.testcases.ContactsPageTest"/>
  <testcase name="ValidatecreateNewContact" time="4.688" classname="com.crm.qa.testcases.ContactsPageTest"/>
  <testcase name="verifyContactlinkTest" time="1.914" classname="com.crm.qa.testcases.HomePageTest"/>
</testsuite> <!-- Free CRM Application test -->
