<?xml version="1.0" encoding="UTF-8"?>
<testng-results skipped="0" failed="2" ignored="0" total="11" passed="9">
  <reporter-output>
  </reporter-output>
  <suite name="Free CRM Application Test Automation Suite" duration-ms="242310" started-at="2020-11-30T21:45:54Z" finished-at="2020-11-30T21:49:56Z">
    <groups>
    </groups>
    <test name="Free CRM Application test" duration-ms="242310" started-at="2020-11-30T21:45:54Z" finished-at="2020-11-30T21:49:56Z">
      <class name="com.crm.qa.testcases.HomePageTest">
        <test-method status="PASS" signature="setup()[pri:0, instance:com.crm.qa.testcases.HomePageTest@548e7350]" name="setup" is-config="true" duration-ms="33485" started-at="2020-11-30T21:46:49Z" finished-at="2020-11-30T21:47:22Z">
          <reporter-output>
          </reporter-output>
        </test-method> <!-- setup -->
        <test-method status="PASS" signature="verifyHomePageTitleTest()[pri:1, instance:com.crm.qa.testcases.HomePageTest@548e7350]" name="verifyHomePageTitleTest" duration-ms="54" started-at="2020-11-30T21:47:22Z" finished-at="2020-11-30T21:47:22Z">
          <reporter-output>
          </reporter-output>
        </test-method> <!-- verifyHomePageTitleTest -->
        <test-method status="PASS" signature="tearDown()[pri:0, instance:com.crm.qa.testcases.HomePageTest@548e7350]" name="tearDown" is-config="true" duration-ms="1388" started-at="2020-11-30T21:47:22Z" finished-at="2020-11-30T21:47:24Z">
          <reporter-output>
          </reporter-output>
        </test-method> <!-- tearDown -->
        <test-method status="PASS" signature="setup()[pri:0, instance:com.crm.qa.testcases.HomePageTest@548e7350]" name="setup" is-config="true" duration-ms="18128" started-at="2020-11-30T21:47:59Z" finished-at="2020-11-30T21:48:17Z">
          <reporter-output>
          </reporter-output>
        </test-method> <!-- setup -->
        <test-method status="PASS" signature="verifyUserNameTest()[pri:2, instance:com.crm.qa.testcases.HomePageTest@548e7350]" name="verifyUserNameTest" duration-ms="1624" started-at="2020-11-30T21:48:17Z" finished-at="2020-11-30T21:48:19Z">
          <reporter-output>
          </reporter-output>
        </test-method> <!-- verifyUserNameTest -->
        <test-method status="PASS" signature="tearDown()[pri:0, instance:com.crm.qa.testcases.HomePageTest@548e7350]" name="tearDown" is-config="true" duration-ms="1028" started-at="2020-11-30T21:48:19Z" finished-at="2020-11-30T21:48:20Z">
          <reporter-output>
          </reporter-output>
        </test-method> <!-- tearDown -->
        <test-method status="PASS" signature="setup()[pri:0, instance:com.crm.qa.testcases.HomePageTest@548e7350]" name="setup" is-config="true" duration-ms="14613" started-at="2020-11-30T21:49:39Z" finished-at="2020-11-30T21:49:53Z">
          <reporter-output>
          </reporter-output>
        </test-method> <!-- setup -->
        <test-method status="PASS" signature="verifyContactlinkTest()[pri:3, instance:com.crm.qa.testcases.HomePageTest@548e7350]" name="verifyContactlinkTest" duration-ms="1914" started-at="2020-11-30T21:49:53Z" finished-at="2020-11-30T21:49:55Z">
          <reporter-output>
          </reporter-output>
        </test-method> <!-- verifyContactlinkTest -->
        <test-method status="PASS" signature="tearDown()[pri:0, instance:com.crm.qa.testcases.HomePageTest@548e7350]" name="tearDown" is-config="true" duration-ms="1080" started-at="2020-11-30T21:49:55Z" finished-at="2020-11-30T21:49:56Z">
          <reporter-output>
          </reporter-output>
        </test-method> <!-- tearDown -->
      </class> <!-- com.crm.qa.testcases.HomePageTest -->
      <class name="com.crm.qa.testcases.ContactsPageTest">
        <test-method status="PASS" signature="setup()[pri:0, instance:com.crm.qa.testcases.ContactsPageTest@5442a311]" name="setup" is-config="true" duration-ms="23865" started-at="2020-11-30T21:46:23Z" finished-at="2020-11-30T21:46:47Z">
          <reporter-output>
          </reporter-output>
        </test-method> <!-- setup -->
        <test-method status="FAIL" signature="verifyContactsPageLabel()[pri:1, instance:com.crm.qa.testcases.ContactsPageTest@5442a311]" name="verifyContactsPageLabel" duration-ms="77" started-at="2020-11-30T21:46:47Z" finished-at="2020-11-30T21:46:47Z">
          <exception class="java.lang.AssertionError">
            <message>
              <![CDATA[Contacts page missing on the page expected [true] but found [false]]]>
            </message>
            <full-stacktrace>
              <![CDATA[java.lang.AssertionError: Contacts page missing on the page expected [true] but found [false]
at org.testng.Assert.fail(Assert.java:96)
at org.testng.Assert.failNotEquals(Assert.java:776)
at org.testng.Assert.assertTrue(Assert.java:44)
at com.crm.qa.testcases.ContactsPageTest.verifyContactsPageLabel(ContactsPageTest.java:40)
at sun.reflect.NativeMethodAccessorImpl.invoke0(Native Method)
at sun.reflect.NativeMethodAccessorImpl.invoke(Unknown Source)
at sun.reflect.DelegatingMethodAccessorImpl.invoke(Unknown Source)
at java.lang.reflect.Method.invoke(Unknown Source)
at org.testng.internal.MethodInvocationHelper.invokeMethod(MethodInvocationHelper.java:124)
at org.testng.internal.Invoker.invokeMethod(Invoker.java:583)
at org.testng.internal.Invoker.invokeTestMethod(Invoker.java:719)
at org.testng.internal.Invoker.invokeTestMethods(Invoker.java:989)
at org.testng.internal.TestMethodWorker.invokeTestMethods(TestMethodWorker.java:125)
at org.testng.internal.TestMethodWorker.run(TestMethodWorker.java:109)
at org.testng.TestRunner.privateRun(TestRunner.java:648)
at org.testng.TestRunner.run(TestRunner.java:505)
at org.testng.SuiteRunner.runTest(SuiteRunner.java:455)
at org.testng.SuiteRunner.runSequentially(SuiteRunner.java:450)
at org.testng.SuiteRunner.privateRun(SuiteRunner.java:415)
at org.testng.SuiteRunner.run(SuiteRunner.java:364)
at org.testng.SuiteRunnerWorker.runSuite(SuiteRunnerWorker.java:52)
at org.testng.SuiteRunnerWorker.run(SuiteRunnerWorker.java:84)
at org.testng.TestNG.runSuitesSequentially(TestNG.java:1208)
at org.testng.TestNG.runSuitesLocally(TestNG.java:1137)
at org.testng.TestNG.runSuites(TestNG.java:1049)
at org.testng.TestNG.run(TestNG.java:1017)
at org.testng.remote.AbstractRemoteTestNG.run(AbstractRemoteTestNG.java:132)
at org.testng.remote.RemoteTestNG.initAndRun(RemoteTestNG.java:236)
at org.testng.remote.RemoteTestNG.main(RemoteTestNG.java:81)
]]>
            </full-stacktrace>
          </exception> <!-- java.lang.AssertionError -->
          <reporter-output>
          </reporter-output>
        </test-method> <!-- verifyContactsPageLabel -->
        <test-method status="PASS" signature="tearDown()[pri:0, instance:com.crm.qa.testcases.ContactsPageTest@5442a311]" name="tearDown" is-config="true" duration-ms="1312" started-at="2020-11-30T21:46:47Z" finished-at="2020-11-30T21:46:49Z">
          <reporter-output>
          </reporter-output>
        </test-method> <!-- tearDown -->
        <test-method status="PASS" signature="setup()[pri:0, instance:com.crm.qa.testcases.ContactsPageTest@5442a311]" name="setup" is-config="true" duration-ms="18438" started-at="2020-11-30T21:47:38Z" finished-at="2020-11-30T21:47:57Z">
          <reporter-output>
          </reporter-output>
        </test-method> <!-- setup -->
        <test-method status="PASS" signature="selectContactTest()[pri:2, instance:com.crm.qa.testcases.ContactsPageTest@5442a311]" name="selectContactTest" duration-ms="2" started-at="2020-11-30T21:47:57Z" finished-at="2020-11-30T21:47:57Z">
          <reporter-output>
          </reporter-output>
        </test-method> <!-- selectContactTest -->
        <test-method status="PASS" signature="tearDown()[pri:0, instance:com.crm.qa.testcases.ContactsPageTest@5442a311]" name="tearDown" is-config="true" duration-ms="2321" started-at="2020-11-30T21:47:57Z" finished-at="2020-11-30T21:47:59Z">
          <reporter-output>
          </reporter-output>
        </test-method> <!-- tearDown -->
        <test-method status="PASS" signature="setup()[pri:0, instance:com.crm.qa.testcases.ContactsPageTest@5442a311]" name="setup" is-config="true" duration-ms="14448" started-at="2020-11-30T21:48:38Z" finished-at="2020-11-30T21:48:53Z">
          <reporter-output>
          </reporter-output>
        </test-method> <!-- setup -->
        <test-method status="PASS" signature="ValidatecreateNewContact(java.lang.String, java.lang.String, java.lang.String)[pri:3, instance:com.crm.qa.testcases.ContactsPageTest@5442a311]" name="ValidatecreateNewContact" duration-ms="4170" started-at="2020-11-30T21:48:53Z" data-provider="getCRMTestData" finished-at="2020-11-30T21:48:57Z">
          <params>
            <param index="0">
              <value>
                <![CDATA[Jojo]]>
              </value>
            </param>
            <param index="1">
              <value>
                <![CDATA[Jose]]>
              </value>
            </param>
            <param index="2">
              <value>
                <![CDATA[Amazon]]>
              </value>
            </param>
          </params>
          <reporter-output>
          </reporter-output>
        </test-method> <!-- ValidatecreateNewContact -->
        <test-method status="PASS" signature="tearDown()[pri:0, instance:com.crm.qa.testcases.ContactsPageTest@5442a311]" name="tearDown" is-config="true" duration-ms="1007" started-at="2020-11-30T21:48:57Z" finished-at="2020-11-30T21:48:58Z">
          <reporter-output>
          </reporter-output>
        </test-method> <!-- tearDown -->
        <test-method status="PASS" signature="setup()[pri:0, instance:com.crm.qa.testcases.ContactsPageTest@5442a311]" name="setup" is-config="true" duration-ms="14296" started-at="2020-11-30T21:48:58Z" finished-at="2020-11-30T21:49:12Z">
          <reporter-output>
          </reporter-output>
        </test-method> <!-- setup -->
        <test-method status="PASS" signature="ValidatecreateNewContact(java.lang.String, java.lang.String, java.lang.String)[pri:3, instance:com.crm.qa.testcases.ContactsPageTest@5442a311]" name="ValidatecreateNewContact" duration-ms="3656" started-at="2020-11-30T21:49:12Z" data-provider="getCRMTestData" finished-at="2020-11-30T21:49:16Z">
          <params>
            <param index="0">
              <value>
                <![CDATA[Biju]]>
              </value>
            </param>
            <param index="1">
              <value>
                <![CDATA[T]]>
              </value>
            </param>
            <param index="2">
              <value>
                <![CDATA[Amazon]]>
              </value>
            </param>
          </params>
          <reporter-output>
          </reporter-output>
        </test-method> <!-- ValidatecreateNewContact -->
        <test-method status="PASS" signature="tearDown()[pri:0, instance:com.crm.qa.testcases.ContactsPageTest@5442a311]" name="tearDown" is-config="true" duration-ms="1017" started-at="2020-11-30T21:49:16Z" finished-at="2020-11-30T21:49:17Z">
          <reporter-output>
          </reporter-output>
        </test-method> <!-- tearDown -->
        <test-method status="PASS" signature="setup()[pri:0, instance:com.crm.qa.testcases.ContactsPageTest@5442a311]" name="setup" is-config="true" duration-ms="16158" started-at="2020-11-30T21:49:17Z" finished-at="2020-11-30T21:49:33Z">
          <reporter-output>
          </reporter-output>
        </test-method> <!-- setup -->
        <test-method status="PASS" signature="ValidatecreateNewContact(java.lang.String, java.lang.String, java.lang.String)[pri:3, instance:com.crm.qa.testcases.ContactsPageTest@5442a311]" name="ValidatecreateNewContact" duration-ms="4688" started-at="2020-11-30T21:49:33Z" data-provider="getCRMTestData" finished-at="2020-11-30T21:49:38Z">
          <params>
            <param index="0">
              <value>
                <![CDATA[Renjith]]>
              </value>
            </param>
            <param index="1">
              <value>
                <![CDATA[Panchikatt]]>
              </value>
            </param>
            <param index="2">
              <value>
                <![CDATA[Amazon]]>
              </value>
            </param>
          </params>
          <reporter-output>
          </reporter-output>
        </test-method> <!-- ValidatecreateNewContact -->
        <test-method status="PASS" signature="tearDown()[pri:0, instance:com.crm.qa.testcases.ContactsPageTest@5442a311]" name="tearDown" is-config="true" duration-ms="943" started-at="2020-11-30T21:49:38Z" finished-at="2020-11-30T21:49:39Z">
          <reporter-output>
          </reporter-output>
        </test-method> <!-- tearDown -->
      </class> <!-- com.crm.qa.testcases.ContactsPageTest -->
      <class name="com.crm.qa.testcases.LoginPageTest">
        <test-method status="PASS" signature="setup()[pri:0, instance:com.crm.qa.testcases.LoginPageTest@53b32d7]" name="setup" is-config="true" duration-ms="27651" started-at="2020-11-30T21:45:54Z" finished-at="2020-11-30T21:46:22Z">
          <reporter-output>
          </reporter-output>
        </test-method> <!-- setup -->
        <test-method status="FAIL" signature="loginPageTitleTest()[pri:1, instance:com.crm.qa.testcases.LoginPageTest@53b32d7]" name="loginPageTitleTest" duration-ms="45" started-at="2020-11-30T21:46:22Z" finished-at="2020-11-30T21:46:22Z">
          <exception class="java.lang.AssertionError">
            <message>
              <![CDATA[expected [true] but found [#1 Free CRM customer relationship management software cloud]]]>
            </message>
            <full-stacktrace>
              <![CDATA[java.lang.AssertionError: expected [true] but found [#1 Free CRM customer relationship management software cloud]
at org.testng.Assert.fail(Assert.java:96)
at org.testng.Assert.failNotEquals(Assert.java:776)
at org.testng.Assert.assertEqualsImpl(Assert.java:137)
at org.testng.Assert.assertEquals(Assert.java:118)
at org.testng.Assert.assertEquals(Assert.java:442)
at com.crm.qa.testcases.LoginPageTest.loginPageTitleTest(LoginPageTest.java:33)
at sun.reflect.NativeMethodAccessorImpl.invoke0(Native Method)
at sun.reflect.NativeMethodAccessorImpl.invoke(Unknown Source)
at sun.reflect.DelegatingMethodAccessorImpl.invoke(Unknown Source)
at java.lang.reflect.Method.invoke(Unknown Source)
at org.testng.internal.MethodInvocationHelper.invokeMethod(MethodInvocationHelper.java:124)
at org.testng.internal.Invoker.invokeMethod(Invoker.java:583)
at org.testng.internal.Invoker.invokeTestMethod(Invoker.java:719)
at org.testng.internal.Invoker.invokeTestMethods(Invoker.java:989)
at org.testng.internal.TestMethodWorker.invokeTestMethods(TestMethodWorker.java:125)
at org.testng.internal.TestMethodWorker.run(TestMethodWorker.java:109)
at org.testng.TestRunner.privateRun(TestRunner.java:648)
at org.testng.TestRunner.run(TestRunner.java:505)
at org.testng.SuiteRunner.runTest(SuiteRunner.java:455)
at org.testng.SuiteRunner.runSequentially(SuiteRunner.java:450)
at org.testng.SuiteRunner.privateRun(SuiteRunner.java:415)
at org.testng.SuiteRunner.run(SuiteRunner.java:364)
at org.testng.SuiteRunnerWorker.runSuite(SuiteRunnerWorker.java:52)
at org.testng.SuiteRunnerWorker.run(SuiteRunnerWorker.java:84)
at org.testng.TestNG.runSuitesSequentially(TestNG.java:1208)
at org.testng.TestNG.runSuitesLocally(TestNG.java:1137)
at org.testng.TestNG.runSuites(TestNG.java:1049)
at org.testng.TestNG.run(TestNG.java:1017)
at org.testng.remote.AbstractRemoteTestNG.run(AbstractRemoteTestNG.java:132)
at org.testng.remote.RemoteTestNG.initAndRun(RemoteTestNG.java:236)
at org.testng.remote.RemoteTestNG.main(RemoteTestNG.java:81)
]]>
            </full-stacktrace>
          </exception> <!-- java.lang.AssertionError -->
          <reporter-output>
          </reporter-output>
        </test-method> <!-- loginPageTitleTest -->
        <test-method status="PASS" signature="tearDown()[pri:0, instance:com.crm.qa.testcases.LoginPageTest@53b32d7]" name="tearDown" is-config="true" duration-ms="1487" started-at="2020-11-30T21:46:22Z" finished-at="2020-11-30T21:46:23Z">
          <reporter-output>
          </reporter-output>
        </test-method> <!-- tearDown -->
        <test-method status="PASS" signature="setup()[pri:0, instance:com.crm.qa.testcases.LoginPageTest@53b32d7]" name="setup" is-config="true" duration-ms="13516" started-at="2020-11-30T21:47:24Z" finished-at="2020-11-30T21:47:37Z">
          <reporter-output>
          </reporter-output>
        </test-method> <!-- setup -->
        <test-method status="PASS" signature="crmLogoImageTest()[pri:2, instance:com.crm.qa.testcases.LoginPageTest@53b32d7]" name="crmLogoImageTest" duration-ms="65" started-at="2020-11-30T21:47:37Z" finished-at="2020-11-30T21:47:37Z">
          <reporter-output>
          </reporter-output>
        </test-method> <!-- crmLogoImageTest -->
        <test-method status="PASS" signature="tearDown()[pri:0, instance:com.crm.qa.testcases.LoginPageTest@53b32d7]" name="tearDown" is-config="true" duration-ms="1123" started-at="2020-11-30T21:47:37Z" finished-at="2020-11-30T21:47:38Z">
          <reporter-output>
          </reporter-output>
        </test-method> <!-- tearDown -->
        <test-method status="PASS" signature="setup()[pri:0, instance:com.crm.qa.testcases.LoginPageTest@53b32d7]" name="setup" is-config="true" duration-ms="10232" started-at="2020-11-30T21:48:20Z" finished-at="2020-11-30T21:48:30Z">
          <reporter-output>
          </reporter-output>
        </test-method> <!-- setup -->
        <test-method status="PASS" signature="LoginTest()[pri:3, instance:com.crm.qa.testcases.LoginPageTest@53b32d7]" name="LoginTest" duration-ms="4393" started-at="2020-11-30T21:48:30Z" finished-at="2020-11-30T21:48:35Z">
          <reporter-output>
          </reporter-output>
        </test-method> <!-- LoginTest -->
        <test-method status="PASS" signature="tearDown()[pri:0, instance:com.crm.qa.testcases.LoginPageTest@53b32d7]" name="tearDown" is-config="true" duration-ms="1008" started-at="2020-11-30T21:48:35Z" finished-at="2020-11-30T21:48:36Z">
          <reporter-output>
          </reporter-output>
        </test-method> <!-- tearDown -->
      </class> <!-- com.crm.qa.testcases.LoginPageTest -->
    </test> <!-- Free CRM Application test -->
  </suite> <!-- Free CRM Application Test Automation Suite -->
</testng-results>
